{"/Users/malcolmmcconaghy/KidsLoop/kidsloop-live-state/src/network/transport.ts": {"path":"/Users/malcolmmcconaghy/KidsLoop/kidsloop-live-state/src/network/transport.ts","all":false,"statementMap":{"0":{"start":{"line":1,"column":0},"end":{"line":1,"column":33}},"1":{"start":{"line":2,"column":0},"end":{"line":2,"column":26}},"2":{"start":{"line":3,"column":0},"end":{"line":3,"column":27}},"3":{"start":{"line":4,"column":0},"end":{"line":4,"column":30}},"4":{"start":{"line":5,"column":0},"end":{"line":5,"column":24}},"5":{"start":{"line":6,"column":0},"end":{"line":6,"column":91}},"6":{"start":{"line":7,"column":0},"end":{"line":7,"column":67}},"7":{"start":{"line":8,"column":0},"end":{"line":8,"column":100}},"8":{"start":{"line":9,"column":0},"end":{"line":9,"column":39}},"9":{"start":{"line":10,"column":0},"end":{"line":10,"column":40}},"10":{"start":{"line":11,"column":0},"end":{"line":11,"column":1}}},"s":{"0":1,"1":1,"2":1,"3":1,"4":1,"5":1,"6":1,"7":1,"8":1,"9":1,"10":1},"branchMap":{},"b":{},"fnMap":{},"f":{}}
,"/Users/malcolmmcconaghy/KidsLoop/kidsloop-live-state/src/network/wsTransport.ts": {"path":"/Users/malcolmmcconaghy/KidsLoop/kidsloop-live-state/src/network/wsTransport.ts","all":false,"statementMap":{"0":{"start":{"line":1,"column":0},"end":{"line":1,"column":40}},"1":{"start":{"line":2,"column":0},"end":{"line":2,"column":0}},"2":{"start":{"line":3,"column":0},"end":{"line":3,"column":45}},"3":{"start":{"line":4,"column":0},"end":{"line":4,"column":0}},"4":{"start":{"line":5,"column":0},"end":{"line":5,"column":28}},"5":{"start":{"line":6,"column":0},"end":{"line":6,"column":19}},"6":{"start":{"line":7,"column":0},"end":{"line":7,"column":15}},"7":{"start":{"line":8,"column":0},"end":{"line":8,"column":16}},"8":{"start":{"line":9,"column":0},"end":{"line":9,"column":12}},"9":{"start":{"line":10,"column":0},"end":{"line":10,"column":26}},"10":{"start":{"line":11,"column":0},"end":{"line":11,"column":46}},"11":{"start":{"line":12,"column":0},"end":{"line":12,"column":43}},"12":{"start":{"line":13,"column":0},"end":{"line":13,"column":0}},"13":{"start":{"line":14,"column":0},"end":{"line":14,"column":16}},"14":{"start":{"line":15,"column":0},"end":{"line":15,"column":39}},"15":{"start":{"line":16,"column":0},"end":{"line":16,"column":37}},"16":{"start":{"line":17,"column":0},"end":{"line":17,"column":45}},"17":{"start":{"line":18,"column":0},"end":{"line":18,"column":33}},"18":{"start":{"line":19,"column":0},"end":{"line":19,"column":43}},"19":{"start":{"line":20,"column":0},"end":{"line":20,"column":21}},"20":{"start":{"line":21,"column":0},"end":{"line":21,"column":122}},"21":{"start":{"line":22,"column":0},"end":{"line":22,"column":76}},"22":{"start":{"line":23,"column":0},"end":{"line":23,"column":40}},"23":{"start":{"line":24,"column":0},"end":{"line":24,"column":35}},"24":{"start":{"line":25,"column":0},"end":{"line":25,"column":62}},"25":{"start":{"line":26,"column":0},"end":{"line":26,"column":64}},"26":{"start":{"line":27,"column":0},"end":{"line":27,"column":23}},"27":{"start":{"line":28,"column":0},"end":{"line":28,"column":7}},"28":{"start":{"line":29,"column":0},"end":{"line":29,"column":22}},"29":{"start":{"line":30,"column":0},"end":{"line":30,"column":52}},"30":{"start":{"line":31,"column":0},"end":{"line":31,"column":32}},"31":{"start":{"line":32,"column":0},"end":{"line":32,"column":11}},"32":{"start":{"line":33,"column":0},"end":{"line":33,"column":45}},"33":{"start":{"line":34,"column":0},"end":{"line":34,"column":5}},"34":{"start":{"line":35,"column":0},"end":{"line":35,"column":0}},"35":{"start":{"line":36,"column":0},"end":{"line":36,"column":28}},"36":{"start":{"line":37,"column":0},"end":{"line":37,"column":36}},"37":{"start":{"line":38,"column":0},"end":{"line":38,"column":23}},"38":{"start":{"line":39,"column":0},"end":{"line":39,"column":23}},"39":{"start":{"line":40,"column":0},"end":{"line":40,"column":10}},"40":{"start":{"line":41,"column":0},"end":{"line":41,"column":5}},"41":{"start":{"line":42,"column":0},"end":{"line":42,"column":0}},"42":{"start":{"line":43,"column":0},"end":{"line":43,"column":73}},"43":{"start":{"line":44,"column":0},"end":{"line":44,"column":37}},"44":{"start":{"line":45,"column":0},"end":{"line":45,"column":43}},"45":{"start":{"line":46,"column":0},"end":{"line":46,"column":55}},"46":{"start":{"line":47,"column":0},"end":{"line":47,"column":9}},"47":{"start":{"line":48,"column":0},"end":{"line":48,"column":40}},"48":{"start":{"line":49,"column":0},"end":{"line":49,"column":52}},"49":{"start":{"line":50,"column":0},"end":{"line":50,"column":9}},"50":{"start":{"line":51,"column":0},"end":{"line":51,"column":5}},"51":{"start":{"line":52,"column":0},"end":{"line":52,"column":0}},"52":{"start":{"line":53,"column":0},"end":{"line":53,"column":80}},"53":{"start":{"line":54,"column":0},"end":{"line":54,"column":25}},"54":{"start":{"line":55,"column":0},"end":{"line":55,"column":54}},"55":{"start":{"line":56,"column":0},"end":{"line":56,"column":36}},"56":{"start":{"line":57,"column":0},"end":{"line":57,"column":49}},"57":{"start":{"line":58,"column":0},"end":{"line":58,"column":13}},"58":{"start":{"line":59,"column":0},"end":{"line":59,"column":39}},"59":{"start":{"line":60,"column":0},"end":{"line":60,"column":9}},"60":{"start":{"line":61,"column":0},"end":{"line":61,"column":22}},"61":{"start":{"line":62,"column":0},"end":{"line":62,"column":39}},"62":{"start":{"line":63,"column":0},"end":{"line":63,"column":5}},"63":{"start":{"line":64,"column":0},"end":{"line":64,"column":0}},"64":{"start":{"line":65,"column":0},"end":{"line":65,"column":27}},"65":{"start":{"line":66,"column":0},"end":{"line":66,"column":44}},"66":{"start":{"line":67,"column":0},"end":{"line":67,"column":30}},"67":{"start":{"line":68,"column":0},"end":{"line":68,"column":132}},"68":{"start":{"line":69,"column":0},"end":{"line":69,"column":37}},"69":{"start":{"line":70,"column":0},"end":{"line":70,"column":75}},"70":{"start":{"line":71,"column":0},"end":{"line":71,"column":79}},"71":{"start":{"line":72,"column":0},"end":{"line":72,"column":62}},"72":{"start":{"line":73,"column":0},"end":{"line":73,"column":15}},"73":{"start":{"line":74,"column":0},"end":{"line":74,"column":9}},"74":{"start":{"line":75,"column":0},"end":{"line":75,"column":37}},"75":{"start":{"line":76,"column":0},"end":{"line":76,"column":5}},"76":{"start":{"line":77,"column":0},"end":{"line":77,"column":0}},"77":{"start":{"line":78,"column":0},"end":{"line":78,"column":145}},"78":{"start":{"line":79,"column":0},"end":{"line":79,"column":38}},"79":{"start":{"line":80,"column":0},"end":{"line":80,"column":43}},"80":{"start":{"line":81,"column":0},"end":{"line":81,"column":50}},"81":{"start":{"line":82,"column":0},"end":{"line":82,"column":54}},"82":{"start":{"line":83,"column":0},"end":{"line":83,"column":42}},"83":{"start":{"line":84,"column":0},"end":{"line":84,"column":34}},"84":{"start":{"line":85,"column":0},"end":{"line":85,"column":46}},"85":{"start":{"line":86,"column":0},"end":{"line":86,"column":13}},"86":{"start":{"line":87,"column":0},"end":{"line":87,"column":23}},"87":{"start":{"line":88,"column":0},"end":{"line":88,"column":17}},"88":{"start":{"line":89,"column":0},"end":{"line":89,"column":43}},"89":{"start":{"line":90,"column":0},"end":{"line":90,"column":26}},"90":{"start":{"line":91,"column":0},"end":{"line":91,"column":25}},"91":{"start":{"line":92,"column":0},"end":{"line":92,"column":34}},"92":{"start":{"line":93,"column":0},"end":{"line":93,"column":46}},"93":{"start":{"line":94,"column":0},"end":{"line":94,"column":13}},"94":{"start":{"line":95,"column":0},"end":{"line":95,"column":26}},"95":{"start":{"line":96,"column":0},"end":{"line":96,"column":11}},"96":{"start":{"line":97,"column":0},"end":{"line":97,"column":0}},"97":{"start":{"line":98,"column":0},"end":{"line":98,"column":45}},"98":{"start":{"line":99,"column":0},"end":{"line":99,"column":29}},"99":{"start":{"line":100,"column":0},"end":{"line":100,"column":27}},"100":{"start":{"line":101,"column":0},"end":{"line":101,"column":24}},"101":{"start":{"line":102,"column":0},"end":{"line":102,"column":11}},"102":{"start":{"line":103,"column":0},"end":{"line":103,"column":0}},"103":{"start":{"line":104,"column":0},"end":{"line":104,"column":59}},"104":{"start":{"line":105,"column":0},"end":{"line":105,"column":47}},"105":{"start":{"line":106,"column":0},"end":{"line":106,"column":27}},"106":{"start":{"line":107,"column":0},"end":{"line":107,"column":35}},"107":{"start":{"line":108,"column":0},"end":{"line":108,"column":11}},"108":{"start":{"line":109,"column":0},"end":{"line":109,"column":5}},"109":{"start":{"line":110,"column":0},"end":{"line":110,"column":0}},"110":{"start":{"line":111,"column":0},"end":{"line":111,"column":58}},"111":{"start":{"line":112,"column":0},"end":{"line":112,"column":26}},"112":{"start":{"line":113,"column":0},"end":{"line":113,"column":42}},"113":{"start":{"line":114,"column":0},"end":{"line":114,"column":43}},"114":{"start":{"line":115,"column":0},"end":{"line":115,"column":5}},"115":{"start":{"line":116,"column":0},"end":{"line":116,"column":0}},"116":{"start":{"line":117,"column":0},"end":{"line":117,"column":22}},"117":{"start":{"line":118,"column":0},"end":{"line":118,"column":39}},"118":{"start":{"line":119,"column":0},"end":{"line":119,"column":42}},"119":{"start":{"line":120,"column":0},"end":{"line":120,"column":42}},"120":{"start":{"line":121,"column":0},"end":{"line":121,"column":5}},"121":{"start":{"line":122,"column":0},"end":{"line":122,"column":0}},"122":{"start":{"line":123,"column":0},"end":{"line":123,"column":23}},"123":{"start":{"line":124,"column":0},"end":{"line":124,"column":28}},"124":{"start":{"line":125,"column":0},"end":{"line":125,"column":36}},"125":{"start":{"line":126,"column":0},"end":{"line":126,"column":46}},"126":{"start":{"line":127,"column":0},"end":{"line":127,"column":5}},"127":{"start":{"line":128,"column":0},"end":{"line":128,"column":0}},"128":{"start":{"line":129,"column":0},"end":{"line":129,"column":23}},"129":{"start":{"line":130,"column":0},"end":{"line":130,"column":38}},"130":{"start":{"line":131,"column":0},"end":{"line":131,"column":5}},"131":{"start":{"line":132,"column":0},"end":{"line":132,"column":0}},"132":{"start":{"line":133,"column":0},"end":{"line":133,"column":48}},"133":{"start":{"line":134,"column":0},"end":{"line":134,"column":63}},"134":{"start":{"line":135,"column":0},"end":{"line":135,"column":43}},"135":{"start":{"line":136,"column":0},"end":{"line":136,"column":55}},"136":{"start":{"line":137,"column":0},"end":{"line":137,"column":9}},"137":{"start":{"line":138,"column":0},"end":{"line":138,"column":50}},"138":{"start":{"line":139,"column":0},"end":{"line":139,"column":51}},"139":{"start":{"line":140,"column":0},"end":{"line":140,"column":42}},"140":{"start":{"line":141,"column":0},"end":{"line":141,"column":10}},"141":{"start":{"line":142,"column":0},"end":{"line":142,"column":5}},"142":{"start":{"line":143,"column":0},"end":{"line":143,"column":0}},"143":{"start":{"line":144,"column":0},"end":{"line":144,"column":45}},"144":{"start":{"line":145,"column":0},"end":{"line":145,"column":66}},"145":{"start":{"line":146,"column":0},"end":{"line":146,"column":40}},"146":{"start":{"line":147,"column":0},"end":{"line":147,"column":52}},"147":{"start":{"line":148,"column":0},"end":{"line":148,"column":9}},"148":{"start":{"line":149,"column":0},"end":{"line":149,"column":47}},"149":{"start":{"line":150,"column":0},"end":{"line":150,"column":47}},"150":{"start":{"line":151,"column":0},"end":{"line":151,"column":45}},"151":{"start":{"line":152,"column":0},"end":{"line":152,"column":10}},"152":{"start":{"line":153,"column":0},"end":{"line":153,"column":5}},"153":{"start":{"line":154,"column":0},"end":{"line":154,"column":1}}},"s":{"0":1,"1":1,"2":1,"3":1,"4":1,"5":1,"6":1,"7":1,"8":1,"9":1,"10":1,"11":1,"12":1,"13":1,"14":2,"15":2,"16":2,"17":2,"18":2,"19":2,"20":2,"21":2,"22":2,"23":2,"24":2,"25":2,"26":2,"27":2,"28":2,"29":2,"30":2,"31":2,"32":2,"33":2,"34":1,"35":1,"36":1,"37":1,"38":1,"39":1,"40":1,"41":1,"42":1,"43":0,"44":0,"45":0,"46":0,"47":0,"48":0,"49":0,"50":0,"51":1,"52":1,"53":1,"54":1,"55":1,"56":0,"57":0,"58":1,"59":1,"60":1,"61":1,"62":1,"63":1,"64":1,"65":1,"66":1,"67":2,"68":0,"69":0,"70":0,"71":0,"72":0,"73":0,"74":2,"75":2,"76":1,"77":1,"78":2,"79":2,"80":2,"81":0,"82":0,"83":0,"84":0,"85":0,"86":0,"87":2,"88":2,"89":0,"90":0,"91":0,"92":0,"93":0,"94":0,"95":2,"96":2,"97":2,"98":0,"99":0,"100":0,"101":2,"102":2,"103":2,"104":2,"105":1,"106":1,"107":2,"108":2,"109":1,"110":1,"111":1,"112":1,"113":1,"114":1,"115":1,"116":1,"117":0,"118":0,"119":0,"120":0,"121":1,"122":1,"123":0,"124":0,"125":0,"126":0,"127":1,"128":1,"129":0,"130":0,"131":1,"132":1,"133":1,"134":1,"135":0,"136":0,"137":1,"138":1,"139":1,"140":1,"141":1,"142":1,"143":1,"144":1,"145":1,"146":0,"147":0,"148":1,"149":1,"150":1,"151":1,"152":1,"153":1},"branchMap":{"0":{"type":"branch","line":14,"loc":{"start":{"line":14,"column":4},"end":{"line":34,"column":5}},"locations":[{"start":{"line":14,"column":4},"end":{"line":34,"column":5}}]},"1":{"type":"branch","line":30,"loc":{"start":{"line":30,"column":38},"end":{"line":32,"column":9}},"locations":[{"start":{"line":30,"column":38},"end":{"line":32,"column":9}}]},"2":{"type":"branch","line":36,"loc":{"start":{"line":36,"column":11},"end":{"line":41,"column":5}},"locations":[{"start":{"line":36,"column":11},"end":{"line":41,"column":5}}]},"3":{"type":"branch","line":38,"loc":{"start":{"line":38,"column":12},"end":{"line":38,"column":22}},"locations":[{"start":{"line":38,"column":12},"end":{"line":38,"column":22}}]},"4":{"type":"branch","line":53,"loc":{"start":{"line":53,"column":11},"end":{"line":63,"column":5}},"locations":[{"start":{"line":53,"column":11},"end":{"line":63,"column":5}}]},"5":{"type":"branch","line":56,"loc":{"start":{"line":56,"column":35},"end":{"line":58,"column":13}},"locations":[{"start":{"line":56,"column":35},"end":{"line":58,"column":13}}]},"6":{"type":"branch","line":67,"loc":{"start":{"line":67,"column":12},"end":{"line":76,"column":5}},"locations":[{"start":{"line":67,"column":12},"end":{"line":76,"column":5}}]},"7":{"type":"branch","line":68,"loc":{"start":{"line":68,"column":131},"end":{"line":74,"column":9}},"locations":[{"start":{"line":68,"column":131},"end":{"line":74,"column":9}}]},"8":{"type":"branch","line":78,"loc":{"start":{"line":78,"column":12},"end":{"line":109,"column":5}},"locations":[{"start":{"line":78,"column":12},"end":{"line":109,"column":5}}]},"9":{"type":"branch","line":105,"loc":{"start":{"line":105,"column":39},"end":{"line":108,"column":9}},"locations":[{"start":{"line":105,"column":39},"end":{"line":108,"column":9}}]},"10":{"type":"branch","line":111,"loc":{"start":{"line":111,"column":12},"end":{"line":115,"column":5}},"locations":[{"start":{"line":111,"column":12},"end":{"line":115,"column":5}}]},"11":{"type":"branch","line":133,"loc":{"start":{"line":133,"column":12},"end":{"line":142,"column":5}},"locations":[{"start":{"line":133,"column":12},"end":{"line":142,"column":5}}]},"12":{"type":"branch","line":134,"loc":{"start":{"line":134,"column":52},"end":{"line":134,"column":63}},"locations":[{"start":{"line":134,"column":52},"end":{"line":134,"column":63}}]},"13":{"type":"branch","line":135,"loc":{"start":{"line":135,"column":42},"end":{"line":137,"column":9}},"locations":[{"start":{"line":135,"column":42},"end":{"line":137,"column":9}}]},"14":{"type":"branch","line":144,"loc":{"start":{"line":144,"column":12},"end":{"line":153,"column":5}},"locations":[{"start":{"line":144,"column":12},"end":{"line":153,"column":5}}]},"15":{"type":"branch","line":145,"loc":{"start":{"line":145,"column":55},"end":{"line":145,"column":66}},"locations":[{"start":{"line":145,"column":55},"end":{"line":145,"column":66}}]},"16":{"type":"branch","line":146,"loc":{"start":{"line":146,"column":39},"end":{"line":148,"column":9}},"locations":[{"start":{"line":146,"column":39},"end":{"line":148,"column":9}}]}},"b":{"0":[2],"1":[2],"2":[1],"3":[1],"4":[1],"5":[0],"6":[2],"7":[0],"8":[2],"9":[1],"10":[1],"11":[1],"12":[0],"13":[0],"14":[1],"15":[0],"16":[0]},"fnMap":{"0":{"name":"WSTransport","decl":{"start":{"line":14,"column":4},"end":{"line":34,"column":5}},"loc":{"start":{"line":14,"column":4},"end":{"line":34,"column":5}},"line":14},"1":{"name":"connect","decl":{"start":{"line":36,"column":11},"end":{"line":41,"column":5}},"loc":{"start":{"line":36,"column":11},"end":{"line":41,"column":5}},"line":36},"2":{"name":"disconnect","decl":{"start":{"line":43,"column":11},"end":{"line":51,"column":5}},"loc":{"start":{"line":43,"column":11},"end":{"line":51,"column":5}},"line":43},"3":{"name":"send","decl":{"start":{"line":53,"column":11},"end":{"line":63,"column":5}},"loc":{"start":{"line":53,"column":11},"end":{"line":63,"column":5}},"line":53},"4":{"name":"_connect","decl":{"start":{"line":67,"column":12},"end":{"line":76,"column":5}},"loc":{"start":{"line":67,"column":12},"end":{"line":76,"column":5}},"line":67},"5":{"name":"registerWSListeners","decl":{"start":{"line":78,"column":12},"end":{"line":109,"column":5}},"loc":{"start":{"line":78,"column":12},"end":{"line":109,"column":5}},"line":78},"6":{"name":"onMessage","decl":{"start":{"line":111,"column":12},"end":{"line":115,"column":5}},"loc":{"start":{"line":111,"column":12},"end":{"line":115,"column":5}},"line":111},"7":{"name":"onOpen","decl":{"start":{"line":117,"column":12},"end":{"line":121,"column":5}},"loc":{"start":{"line":117,"column":12},"end":{"line":121,"column":5}},"line":117},"8":{"name":"onClose","decl":{"start":{"line":123,"column":12},"end":{"line":127,"column":5}},"loc":{"start":{"line":123,"column":12},"end":{"line":127,"column":5}},"line":123},"9":{"name":"onError","decl":{"start":{"line":129,"column":12},"end":{"line":131,"column":5}},"loc":{"start":{"line":129,"column":12},"end":{"line":131,"column":5}},"line":129},"10":{"name":"resetNetworkReceiveTimeout","decl":{"start":{"line":133,"column":12},"end":{"line":142,"column":5}},"loc":{"start":{"line":133,"column":12},"end":{"line":142,"column":5}},"line":133},"11":{"name":"resetNetworkSendTimeout","decl":{"start":{"line":144,"column":12},"end":{"line":153,"column":5}},"loc":{"start":{"line":144,"column":12},"end":{"line":153,"column":5}},"line":144}},"f":{"0":2,"1":1,"2":0,"3":1,"4":2,"5":2,"6":1,"7":0,"8":0,"9":0,"10":1,"11":1}}
}
