TN:
SF:src/network/transport.ts
FNF:0
FNH:0
DA:1,1
DA:2,1
DA:3,1
DA:4,1
DA:5,1
DA:6,1
DA:7,1
DA:8,1
DA:9,1
DA:10,1
DA:11,1
LF:11
LH:11
BRF:0
BRH:0
end_of_record
TN:
SF:src/network/wsTransport.ts
FN:14,WSTransport
FN:36,connect
FN:43,disconnect
FN:53,send
FN:67,_connect
FN:77,registerWSListeners
FN:107,onMessage
FN:112,onOpen
FN:118,onClose
FN:124,onError
FN:128,resetNetworkReceiveTimeout
FN:139,resetNetworkSendTimeout
FNF:12
FNH:8
FNDA:2,WSTransport
FNDA:1,connect
FNDA:0,disconnect
FNDA:1,send
FNDA:2,_connect
FNDA:2,registerWSListeners
FNDA:1,onMessage
FNDA:0,onOpen
FNDA:0,onClose
FNDA:0,onError
FNDA:1,resetNetworkReceiveTimeout
FNDA:1,resetNetworkSendTimeout
DA:1,1
DA:2,1
DA:3,1
DA:4,1
DA:5,1
DA:6,1
DA:7,1
DA:8,1
DA:9,1
DA:10,1
DA:11,1
DA:12,1
DA:13,1
DA:14,1
DA:15,2
DA:16,2
DA:17,2
DA:18,2
DA:19,2
DA:20,2
DA:21,2
DA:22,2
DA:23,2
DA:24,2
DA:25,2
DA:26,2
DA:27,2
DA:28,2
DA:29,2
DA:30,2
DA:31,2
DA:32,2
DA:33,2
DA:34,2
DA:35,1
DA:36,1
DA:37,1
DA:38,1
DA:39,1
DA:40,1
DA:41,1
DA:42,1
DA:43,1
DA:44,0
DA:45,0
DA:46,0
DA:47,0
DA:48,0
DA:49,0
DA:50,0
DA:51,0
DA:52,1
DA:53,1
DA:54,1
DA:55,1
DA:56,1
DA:57,0
DA:58,0
DA:59,1
DA:60,1
DA:61,1
DA:62,1
DA:63,1
DA:64,1
DA:65,1
DA:66,1
DA:67,1
DA:68,2
DA:69,0
DA:70,0
DA:71,0
DA:72,0
DA:73,0
DA:74,2
DA:75,2
DA:76,1
DA:77,1
DA:78,2
DA:79,2
DA:80,2
DA:81,0
DA:82,0
DA:83,0
DA:84,0
DA:85,0
DA:86,0
DA:87,2
DA:88,2
DA:89,0
DA:90,0
DA:91,0
DA:92,0
DA:93,0
DA:94,0
DA:95,2
DA:96,2
DA:97,2
DA:98,0
DA:99,0
DA:100,0
DA:101,2
DA:102,2
DA:103,2
DA:104,2
DA:105,2
DA:106,1
DA:107,1
DA:108,1
DA:109,1
DA:110,1
DA:111,1
DA:112,1
DA:113,0
DA:114,0
DA:115,0
DA:116,0
DA:117,1
DA:118,1
DA:119,0
DA:120,0
DA:121,0
DA:122,0
DA:123,1
DA:124,1
DA:125,0
DA:126,0
DA:127,1
DA:128,1
DA:129,1
DA:130,1
DA:131,0
DA:132,0
DA:133,1
DA:134,1
DA:135,1
DA:136,1
DA:137,1
DA:138,1
DA:139,1
DA:140,1
DA:141,1
DA:142,0
DA:143,0
DA:144,1
DA:145,1
DA:146,1
DA:147,1
DA:148,1
DA:149,1
LF:149
LH:105
BRDA:14,0,0,2
BRDA:30,1,0,2
BRDA:36,2,0,1
BRDA:38,3,0,1
BRDA:53,4,0,1
BRDA:56,5,0,0
BRDA:67,6,0,2
BRDA:68,7,0,0
BRDA:77,8,0,2
BRDA:104,9,0,1
BRDA:107,10,0,1
BRDA:128,11,0,1
BRDA:129,12,0,0
BRDA:130,13,0,0
BRDA:139,14,0,1
BRDA:140,15,0,0
BRDA:141,16,0,0
BRF:17
BRH:11
end_of_record
