TN:
SF:src/roomSlice/index.ts
FN:30,userJoinReducer
FN:46,userLeaveReducer
FN:57,sendChatMessageReducer
FN:75,setHostReducer
FN:88,addTrophyReducer
FN:117,setDeviceReducer
FN:135,setWebRtcStreamReducer
FN:148,setActivityStreamReducer
FN:165,setContentReducer
FNF:9
FNH:9
FNDA:11,userJoinReducer
FNDA:1,userLeaveReducer
FNDA:1,sendChatMessageReducer
FNDA:1,setHostReducer
FNDA:2,addTrophyReducer
FNDA:11,setDeviceReducer
FNDA:1,setWebRtcStreamReducer
FNDA:1,setActivityStreamReducer
FNDA:1,setContentReducer
DA:1,1
DA:2,1
DA:3,1
DA:4,1
DA:5,1
DA:6,1
DA:7,1
DA:8,1
DA:9,1
DA:10,1
DA:11,1
DA:12,1
DA:13,1
DA:14,1
DA:15,1
DA:16,1
DA:17,1
DA:18,1
DA:19,1
DA:20,1
DA:21,1
DA:22,1
DA:23,1
DA:24,1
DA:25,1
DA:26,1
DA:27,1
DA:28,1
DA:29,1
DA:30,1
DA:31,11
DA:32,11
DA:33,11
DA:34,11
DA:35,11
DA:36,11
DA:37,11
DA:38,11
DA:39,11
DA:40,11
DA:41,11
DA:42,11
DA:43,11
DA:44,11
DA:45,1
DA:46,1
DA:47,1
DA:48,1
DA:49,1
DA:50,1
DA:51,1
DA:52,1
DA:53,1
DA:54,1
DA:55,1
DA:56,1
DA:57,1
DA:58,1
DA:59,1
DA:60,1
DA:61,1
DA:62,1
DA:63,1
DA:64,1
DA:65,1
DA:66,1
DA:67,1
DA:68,1
DA:69,1
DA:70,1
DA:71,1
DA:72,1
DA:73,1
DA:74,1
DA:75,1
DA:76,1
DA:77,1
DA:78,1
DA:79,1
DA:80,1
DA:81,1
DA:82,1
DA:83,1
DA:84,1
DA:85,1
DA:86,1
DA:87,1
DA:88,1
DA:89,2
DA:90,2
DA:91,2
DA:92,2
DA:93,2
DA:94,2
DA:95,1
DA:96,1
DA:97,1
DA:98,1
DA:99,2
DA:100,2
DA:101,3
DA:102,3
DA:103,0
DA:104,0
DA:105,0
DA:106,0
DA:107,3
DA:108,3
DA:109,3
DA:110,3
DA:111,3
DA:112,2
DA:113,2
DA:114,2
DA:115,2
DA:116,1
DA:117,1
DA:118,11
DA:119,11
DA:120,11
DA:121,11
DA:122,11
DA:123,11
DA:124,11
DA:125,11
DA:126,11
DA:127,1
DA:128,11
DA:129,10
DA:130,10
DA:131,11
DA:132,11
DA:133,11
DA:134,1
DA:135,1
DA:136,1
DA:137,1
DA:138,1
DA:139,1
DA:140,1
DA:141,1
DA:142,1
DA:143,1
DA:144,1
DA:145,1
DA:146,1
DA:147,1
DA:148,1
DA:149,1
DA:150,1
DA:151,1
DA:152,1
DA:153,1
DA:154,1
DA:155,1
DA:156,1
DA:157,1
DA:158,1
DA:159,1
DA:160,1
DA:161,1
DA:162,1
DA:163,1
DA:164,1
DA:165,1
DA:166,1
DA:167,1
DA:168,1
DA:169,1
DA:170,1
DA:171,1
DA:172,1
DA:173,1
DA:174,1
DA:175,1
DA:176,1
DA:177,1
DA:178,1
DA:179,1
DA:180,1
DA:181,1
DA:182,1
DA:183,1
DA:184,1
DA:185,1
DA:186,1
DA:187,1
DA:188,1
DA:189,1
DA:190,1
DA:191,1
DA:192,1
DA:193,1
DA:194,1
DA:195,1
DA:196,1
DA:197,1
DA:198,1
DA:199,1
DA:200,1
DA:201,1
DA:202,1
LF:202
LH:198
BRDA:30,0,0,11
BRDA:46,1,0,1
BRDA:57,2,0,1
BRDA:62,3,0,0
BRDA:75,4,0,1
BRDA:88,5,0,2
BRDA:89,6,0,0
BRDA:94,7,0,1
BRDA:100,8,0,3
BRDA:102,9,0,0
BRDA:107,10,0,0
BRDA:117,11,0,11
BRDA:122,12,0,0
BRDA:126,13,0,1
BRDA:128,14,0,10
BRDA:125,15,0,2
BRDA:135,16,0,1
BRDA:148,17,0,1
BRDA:165,18,0,1
BRF:19
BRH:14
end_of_record
TN:
SF:src/roomSlice/util.ts
FN:10,findIndex
FN:20,getDevices
FN:40,getDevice
FNF:3
FNH:3
FNDA:13,findIndex
FNDA:13,getDevices
FNDA:2,getDevice
DA:1,1
DA:2,1
DA:3,1
DA:4,1
DA:5,1
DA:6,1
DA:7,1
DA:8,1
DA:9,1
DA:10,1
DA:11,13
DA:12,13
DA:13,13
DA:14,13
DA:15,13
DA:16,1
DA:17,1
DA:18,1
DA:19,1
DA:20,1
DA:21,13
DA:22,13
DA:23,13
DA:24,13
DA:25,13
DA:26,0
DA:27,0
DA:28,0
DA:29,0
DA:30,13
DA:31,0
DA:32,0
DA:33,13
DA:34,13
DA:35,13
DA:36,1
DA:37,1
DA:38,1
DA:39,1
DA:40,1
DA:41,2
DA:42,2
DA:43,2
DA:44,2
DA:45,2
DA:46,2
DA:47,2
DA:48,2
DA:49,2
DA:50,2
DA:51,0
DA:52,0
DA:53,0
DA:54,0
DA:55,2
DA:56,2
LF:56
LH:46
BRDA:10,0,0,13
BRDA:11,1,0,0
BRDA:13,2,0,0
BRDA:20,3,0,13
BRDA:25,4,0,0
BRDA:30,5,0,0
BRDA:40,6,0,2
BRDA:45,7,0,0
BRDA:50,8,0,0
BRDA:49,9,0,2
BRF:10
BRH:4
end_of_record
